<?xml version="1.0" encoding="UTF-8"?>
<testng-results ignored="0" total="6" passed="6" failed="0" skipped="0">
  <reporter-output>
  </reporter-output>
  <suite started-at="2025-03-08T15:41:36 IST" name="Suite" finished-at="2025-03-08T15:42:31 IST" duration-ms="55286">
    <groups>
      <group name="cucumber">
        <method signature="AbstractTestNGCucumberTests.runScenario(io.cucumber.testng.PickleWrapper,io.cucumber.testng.FeatureWrapper)[pri:0, instance:runner.TestRunner@245b4bdc]" name="runScenario" class="io.cucumber.testng.AbstractTestNGCucumberTests"/>
      </group> <!-- cucumber -->
    </groups>
    <test started-at="2025-03-08T15:41:36 IST" name="Test" finished-at="2025-03-08T15:42:31 IST" duration-ms="55286">
      <class name="runner.TestRunner">
        <test-method is-config="true" signature="setUpClass(org.testng.ITestContext)[pri:0, instance:runner.TestRunner@245b4bdc]" started-at="2025-03-08T15:41:36 IST" name="setUpClass" finished-at="2025-03-08T15:41:37 IST" duration-ms="1334" status="PASS">
          <params>
            <param index="0">
              <value>
                <![CDATA[org.testng.TestRunner@4087c7fc]]>
              </value>
            </param>
          </params>
          <reporter-output>
          </reporter-output>
        </test-method> <!-- setUpClass -->
        <test-method signature="runScenario(io.cucumber.testng.PickleWrapper,io.cucumber.testng.FeatureWrapper)[pri:0, instance:runner.TestRunner@245b4bdc]" started-at="2025-03-08T15:41:37 IST" name="runScenario" description="Runs Cucumber Scenarios" data-provider="scenarios" finished-at="2025-03-08T15:41:46 IST" duration-ms="8122" status="PASS">
          <params>
            <param index="0">
              <value>
                <![CDATA["Verify dashboard displayed based on user role"]]>
              </value>
            </param>
            <param index="1">
              <value>
                <![CDATA["dataflow between doctor and patient module"]]>
              </value>
            </param>
          </params>
          <reporter-output>
          </reporter-output>
        </test-method> <!-- runScenario -->
        <test-method signature="runScenario(io.cucumber.testng.PickleWrapper,io.cucumber.testng.FeatureWrapper)[pri:0, instance:runner.TestRunner@245b4bdc]" started-at="2025-03-08T15:41:46 IST" name="runScenario" description="Runs Cucumber Scenarios" data-provider="scenarios" finished-at="2025-03-08T15:41:53 IST" duration-ms="6967" status="PASS">
          <params>
            <param index="0">
              <value>
                <![CDATA["Verify dashboard displayed based on user role"]]>
              </value>
            </param>
            <param index="1">
              <value>
                <![CDATA["dataflow between doctor and patient module"]]>
              </value>
            </param>
          </params>
          <reporter-output>
          </reporter-output>
        </test-method> <!-- runScenario -->
        <test-method signature="runScenario(io.cucumber.testng.PickleWrapper,io.cucumber.testng.FeatureWrapper)[pri:0, instance:runner.TestRunner@245b4bdc]" started-at="2025-03-08T15:41:53 IST" name="runScenario" description="Runs Cucumber Scenarios" data-provider="scenarios" finished-at="2025-03-08T15:42:07 IST" duration-ms="14243" status="PASS">
          <params>
            <param index="0">
              <value>
                <![CDATA["Verify dashboard displayed based on user role"]]>
              </value>
            </param>
            <param index="1">
              <value>
                <![CDATA["dataflow between doctor and patient module"]]>
              </value>
            </param>
          </params>
          <reporter-output>
          </reporter-output>
        </test-method> <!-- runScenario -->
        <test-method signature="runScenario(io.cucumber.testng.PickleWrapper,io.cucumber.testng.FeatureWrapper)[pri:0, instance:runner.TestRunner@245b4bdc]" started-at="2025-03-08T15:42:07 IST" name="runScenario" description="Runs Cucumber Scenarios" data-provider="scenarios" finished-at="2025-03-08T15:42:13 IST" duration-ms="6261" status="PASS">
          <params>
            <param index="0">
              <value>
                <![CDATA["Verify dashboard displayed based on user role"]]>
              </value>
            </param>
            <param index="1">
              <value>
                <![CDATA["dataflow between doctor and patient module"]]>
              </value>
            </param>
          </params>
          <reporter-output>
          </reporter-output>
        </test-method> <!-- runScenario -->
        <test-method signature="runScenario(io.cucumber.testng.PickleWrapper,io.cucumber.testng.FeatureWrapper)[pri:0, instance:runner.TestRunner@245b4bdc]" started-at="2025-03-08T15:42:13 IST" name="runScenario" description="Runs Cucumber Scenarios" data-provider="scenarios" finished-at="2025-03-08T15:42:25 IST" duration-ms="11947" status="PASS">
          <params>
            <param index="0">
              <value>
                <![CDATA["Verify dashboard displayed based on user role"]]>
              </value>
            </param>
            <param index="1">
              <value>
                <![CDATA["dataflow between doctor and patient module"]]>
              </value>
            </param>
          </params>
          <reporter-output>
          </reporter-output>
        </test-method> <!-- runScenario -->
        <test-method signature="runScenario(io.cucumber.testng.PickleWrapper,io.cucumber.testng.FeatureWrapper)[pri:0, instance:runner.TestRunner@245b4bdc]" started-at="2025-03-08T15:42:25 IST" name="runScenario" description="Runs Cucumber Scenarios" data-provider="scenarios" finished-at="2025-03-08T15:42:31 IST" duration-ms="6238" status="PASS">
          <params>
            <param index="0">
              <value>
                <![CDATA["Verify dashboard displayed based on user role"]]>
              </value>
            </param>
            <param index="1">
              <value>
                <![CDATA["dataflow between doctor and patient module"]]>
              </value>
            </param>
          </params>
          <reporter-output>
          </reporter-output>
        </test-method> <!-- runScenario -->
        <test-method is-config="true" signature="tearDownClass()[pri:0, instance:runner.TestRunner@245b4bdc]" started-at="2025-03-08T15:42:31 IST" name="tearDownClass" finished-at="2025-03-08T15:42:31 IST" duration-ms="67" status="PASS">
          <reporter-output>
          </reporter-output>
        </test-method> <!-- tearDownClass -->
      </class> <!-- runner.TestRunner -->
    </test> <!-- Test -->
  </suite> <!-- Suite -->
</testng-results>
