<?xml version="1.0" encoding="UTF-8"?>
<testsuite xmlns:xsi="http://www.w3.org/2001/XMLSchema-instance" xsi:noNamespaceSchemaLocation="https://maven.apache.org/surefire/maven-surefire-plugin/xsd/surefire-test-report.xsd" version="3.0.2" name="TestSuite" time="56.41" tests="6" errors="0" skipped="0" failures="0">
  <properties>
[...]
</properties>
  <testcase name="runScenario[&quot;Verify dashboard displayed based on user role&quot;, &quot;dataflow between doctor and patient module&quot;](1)" classname="runner.TestRunner" time="9.838">
    <system-out><![CDATA[
Scenario Outline: Verify dashboard displayed based on user role                &amp#27;[90m# src/test/resources/Feature/Health.feature:14&amp#27;[0m
  &amp#27;[32mGiven &amp#27;[0m&amp#27;[32muser is on login page&amp#27;[0m                                                  &amp#27;[90m# stepdefinitions.LoginSteps.user_is_on_login_page()&amp#27;[0m
  &amp#27;[32mWhen &amp#27;[0m&amp#27;[32muser enter &amp#27;[0m&amp#27;[32m&amp#27;[1m"gautham@gmail.com"&amp#27;[0m&amp#27;[32m and &amp#27;[0m&amp#27;[32m&amp#27;[1m"123456"&amp#27;[0m                             &amp#27;[90m# stepdefinitions.LoginSteps.user_enter_and(java.lang.String,java.lang.String)&amp#27;[0m
  &amp#27;[32mAnd &amp#27;[0m&amp#27;[32mclick on login button&amp#27;[0m                                                    &amp#27;[90m# stepdefinitions.LoginSteps.click_on_login_button()&amp#27;[0m
Page Title: Doctor Dashboard - Hospital Management System
  &amp#27;[32mThen &amp#27;[0m&amp#27;[32mthe &amp#27;[0m&amp#27;[32m&amp#27;[1m"Doctor Dashboard - Hospital Management System"&amp#27;[0m&amp#27;[32m should be displayed&amp#27;[0m &amp#27;[90m# stepdefinitions.LoginSteps.the_should_be_displayed(java.lang.String)&amp#27;[0m
]]></system-out>
    <system-err><![CDATA[SLF4J: Failed to load class "org.slf4j.impl.StaticLoggerBinder".
SLF4J: Defaulting to no-operation (NOP) logger implementation
SLF4J: See http://www.slf4j.org/codes.html#StaticLoggerBinder for further details.
Starting ChromeDriver 133.0.6943.141 (2a5d6da0d6165d7b107502095a937fe7704fcef6-refs/branch-heads/6943@{#1912}) on port 38568
Only local connections are allowed.
Please see https://chromedriver.chromium.org/security-considerations for suggestions on keeping ChromeDriver safe.
ChromeDriver was started successfully on port 38568.
Mar 09, 2025 12:08:27 PM org.openqa.selenium.remote.ProtocolHandshake createSession
INFO: Detected dialect: W3C
]]></system-err>
  </testcase>
  <testcase name="runScenario[&quot;Verify dashboard displayed based on user role&quot;, &quot;dataflow between doctor and patient module&quot;](2)" classname="runner.TestRunner" time="5.841">
    <system-out><![CDATA[
Scenario Outline: Verify dashboard displayed based on user role                 &amp#27;[90m# src/test/resources/Feature/Health.feature:15&amp#27;[0m
  &amp#27;[32mGiven &amp#27;[0m&amp#27;[32muser is on login page&amp#27;[0m                                                   &amp#27;[90m# stepdefinitions.LoginSteps.user_is_on_login_page()&amp#27;[0m
  &amp#27;[32mWhen &amp#27;[0m&amp#27;[32muser enter &amp#27;[0m&amp#27;[32m&amp#27;[1m"deva@gmail.com"&amp#27;[0m&amp#27;[32m and &amp#27;[0m&amp#27;[32m&amp#27;[1m"123456"&amp#27;[0m                                 &amp#27;[90m# stepdefinitions.LoginSteps.user_enter_and(java.lang.String,java.lang.String)&amp#27;[0m
  &amp#27;[32mAnd &amp#27;[0m&amp#27;[32mclick on login button&amp#27;[0m                                                     &amp#27;[90m# stepdefinitions.LoginSteps.click_on_login_button()&amp#27;[0m
Page Title: Patient Dashboard - Hospital Management System
  &amp#27;[32mThen &amp#27;[0m&amp#27;[32mthe &amp#27;[0m&amp#27;[32m&amp#27;[1m"Patient Dashboard - Hospital Management System"&amp#27;[0m&amp#27;[32m should be displayed&amp#27;[0m &amp#27;[90m# stepdefinitions.LoginSteps.the_should_be_displayed(java.lang.String)&amp#27;[0m
]]></system-out>
    <system-err><![CDATA[Starting ChromeDriver 133.0.6943.141 (2a5d6da0d6165d7b107502095a937fe7704fcef6-refs/branch-heads/6943@{#1912}) on port 15213
Only local connections are allowed.
Please see https://chromedriver.chromium.org/security-considerations for suggestions on keeping ChromeDriver safe.
ChromeDriver was started successfully on port 15213.
Mar 09, 2025 12:08:33 PM org.openqa.selenium.remote.ProtocolHandshake createSession
INFO: Detected dialect: W3C
]]></system-err>
  </testcase>
  <testcase name="runScenario[&quot;Verify dashboard displayed based on user role&quot;, &quot;dataflow between doctor and patient module&quot;](3)" classname="runner.TestRunner" time="6.081">
    <system-out><![CDATA[
Scenario Outline: Verify dashboard displayed based on user role               &amp#27;[90m# src/test/resources/Feature/Health.feature:16&amp#27;[0m
  &amp#27;[32mGiven &amp#27;[0m&amp#27;[32muser is on login page&amp#27;[0m                                                 &amp#27;[90m# stepdefinitions.LoginSteps.user_is_on_login_page()&amp#27;[0m
  &amp#27;[32mWhen &amp#27;[0m&amp#27;[32muser enter &amp#27;[0m&amp#27;[32m&amp#27;[1m"latha@gmail.com"&amp#27;[0m&amp#27;[32m and &amp#27;[0m&amp#27;[32m&amp#27;[1m"123456"&amp#27;[0m                              &amp#27;[90m# stepdefinitions.LoginSteps.user_enter_and(java.lang.String,java.lang.String)&amp#27;[0m
  &amp#27;[32mAnd &amp#27;[0m&amp#27;[32mclick on login button&amp#27;[0m                                                   &amp#27;[90m# stepdefinitions.LoginSteps.click_on_login_button()&amp#27;[0m
Page Title: Nurse Dashboard - Hospital Management System
  &amp#27;[32mThen &amp#27;[0m&amp#27;[32mthe &amp#27;[0m&amp#27;[32m&amp#27;[1m"Nurse Dashboard - Hospital Management System"&amp#27;[0m&amp#27;[32m should be displayed&amp#27;[0m &amp#27;[90m# stepdefinitions.LoginSteps.the_should_be_displayed(java.lang.String)&amp#27;[0m
]]></system-out>
    <system-err><![CDATA[Starting ChromeDriver 133.0.6943.141 (2a5d6da0d6165d7b107502095a937fe7704fcef6-refs/branch-heads/6943@{#1912}) on port 6783
Only local connections are allowed.
Please see https://chromedriver.chromium.org/security-considerations for suggestions on keeping ChromeDriver safe.
ChromeDriver was started successfully on port 6783.
Mar 09, 2025 12:08:39 PM org.openqa.selenium.remote.ProtocolHandshake createSession
INFO: Detected dialect: W3C
]]></system-err>
  </testcase>
  <testcase name="runScenario[&quot;Verify dashboard displayed based on user role&quot;, &quot;dataflow between doctor and patient module&quot;](4)" classname="runner.TestRunner" time="12.863">
    <system-out><![CDATA[
Scenario Outline: Verify dashboard displayed based on user role                      &amp#27;[90m# src/test/resources/Feature/Health.feature:17&amp#27;[0m
  &amp#27;[32mGiven &amp#27;[0m&amp#27;[32muser is on login page&amp#27;[0m                                                        &amp#27;[90m# stepdefinitions.LoginSteps.user_is_on_login_page()&amp#27;[0m
  &amp#27;[32mWhen &amp#27;[0m&amp#27;[32muser enter &amp#27;[0m&amp#27;[32m&amp#27;[1m"gowri@gmail.com"&amp#27;[0m&amp#27;[32m and &amp#27;[0m&amp#27;[32m&amp#27;[1m"123456"&amp#27;[0m                                     &amp#27;[90m# stepdefinitions.LoginSteps.user_enter_and(java.lang.String,java.lang.String)&amp#27;[0m
  &amp#27;[32mAnd &amp#27;[0m&amp#27;[32mclick on login button&amp#27;[0m                                                          &amp#27;[90m# stepdefinitions.LoginSteps.click_on_login_button()&amp#27;[0m
Page Title: Receptionist Dashboard - Hospital Management System
  &amp#27;[32mThen &amp#27;[0m&amp#27;[32mthe &amp#27;[0m&amp#27;[32m&amp#27;[1m"Receptionist Dashboard - Hospital Management System"&amp#27;[0m&amp#27;[32m should be displayed&amp#27;[0m &amp#27;[90m# stepdefinitions.LoginSteps.the_should_be_displayed(java.lang.String)&amp#27;[0m
]]></system-out>
    <system-err><![CDATA[Starting ChromeDriver 133.0.6943.141 (2a5d6da0d6165d7b107502095a937fe7704fcef6-refs/branch-heads/6943@{#1912}) on port 23595
Only local connections are allowed.
Please see https://chromedriver.chromium.org/security-considerations for suggestions on keeping ChromeDriver safe.
ChromeDriver was started successfully on port 23595.
Mar 09, 2025 12:08:45 PM org.openqa.selenium.remote.ProtocolHandshake createSession
INFO: Detected dialect: W3C
]]></system-err>
  </testcase>
  <testcase name="runScenario[&quot;Verify dashboard displayed based on user role&quot;, &quot;dataflow between doctor and patient module&quot;](5)" classname="runner.TestRunner" time="12.916">
    <system-out><![CDATA[
Scenario Outline: Verify dashboard displayed based on user role                      &amp#27;[90m# src/test/resources/Feature/Health.feature:18&amp#27;[0m
  &amp#27;[32mGiven &amp#27;[0m&amp#27;[32muser is on login page&amp#27;[0m                                                        &amp#27;[90m# stepdefinitions.LoginSteps.user_is_on_login_page()&amp#27;[0m
  &amp#27;[32mWhen &amp#27;[0m&amp#27;[32muser enter &amp#27;[0m&amp#27;[32m&amp#27;[1m"sahana@gmail.com"&amp#27;[0m&amp#27;[32m and &amp#27;[0m&amp#27;[32m&amp#27;[1m"123456"&amp#27;[0m                                    &amp#27;[90m# stepdefinitions.LoginSteps.user_enter_and(java.lang.String,java.lang.String)&amp#27;[0m
  &amp#27;[32mAnd &amp#27;[0m&amp#27;[32mclick on login button&amp#27;[0m                                                          &amp#27;[90m# stepdefinitions.LoginSteps.click_on_login_button()&amp#27;[0m
Page Title: Laboratorist Dashboard - Hospital Management System
  &amp#27;[32mThen &amp#27;[0m&amp#27;[32mthe &amp#27;[0m&amp#27;[32m&amp#27;[1m"Laboratorist Dashboard - Hospital Management System"&amp#27;[0m&amp#27;[32m should be displayed&amp#27;[0m &amp#27;[90m# stepdefinitions.LoginSteps.the_should_be_displayed(java.lang.String)&amp#27;[0m
]]></system-out>
    <system-err><![CDATA[Starting ChromeDriver 133.0.6943.141 (2a5d6da0d6165d7b107502095a937fe7704fcef6-refs/branch-heads/6943@{#1912}) on port 41046
Only local connections are allowed.
Please see https://chromedriver.chromium.org/security-considerations for suggestions on keeping ChromeDriver safe.
ChromeDriver was started successfully on port 41046.
Mar 09, 2025 12:08:58 PM org.openqa.selenium.remote.ProtocolHandshake createSession
INFO: Detected dialect: W3C
]]></system-err>
  </testcase>
  <testcase name="runScenario[&quot;Verify dashboard displayed based on user role&quot;, &quot;dataflow between doctor and patient module&quot;](6)" classname="runner.TestRunner" time="6.639">
    <system-out><![CDATA[
Scenario Outline: Verify dashboard displayed based on user role                    &amp#27;[90m# src/test/resources/Feature/Health.feature:19&amp#27;[0m
  &amp#27;[32mGiven &amp#27;[0m&amp#27;[32muser is on login page&amp#27;[0m                                                      &amp#27;[90m# stepdefinitions.LoginSteps.user_is_on_login_page()&amp#27;[0m
  &amp#27;[32mWhen &amp#27;[0m&amp#27;[32muser enter &amp#27;[0m&amp#27;[32m&amp#27;[1m"mukund@gmail.com"&amp#27;[0m&amp#27;[32m and &amp#27;[0m&amp#27;[32m&amp#27;[1m"123456"&amp#27;[0m                                  &amp#27;[90m# stepdefinitions.LoginSteps.user_enter_and(java.lang.String,java.lang.String)&amp#27;[0m
  &amp#27;[32mAnd &amp#27;[0m&amp#27;[32mclick on login button&amp#27;[0m                                                        &amp#27;[90m# stepdefinitions.LoginSteps.click_on_login_button()&amp#27;[0m
Page Title: Pharmacist Dashboard - Hospital Management System
  &amp#27;[32mThen &amp#27;[0m&amp#27;[32mthe &amp#27;[0m&amp#27;[32m&amp#27;[1m"Pharmacist Dashboard - Hospital Management System"&amp#27;[0m&amp#27;[32m should be displayed&amp#27;[0m &amp#27;[90m# stepdefinitions.LoginSteps.the_should_be_displayed(java.lang.String)&amp#27;[0m
]]></system-out>
    <system-err><![CDATA[Starting ChromeDriver 133.0.6943.141 (2a5d6da0d6165d7b107502095a937fe7704fcef6-refs/branch-heads/6943@{#1912}) on port 16695
Only local connections are allowed.
Please see https://chromedriver.chromium.org/security-considerations for suggestions on keeping ChromeDriver safe.
ChromeDriver was started successfully on port 16695.
Mar 09, 2025 12:09:11 PM org.openqa.selenium.remote.ProtocolHandshake createSession
INFO: Detected dialect: W3C
]]></system-err>
  </testcase>
</testsuite>