<?xml version="1.0" encoding="UTF-8"?>
<testng-results ignored="0" total="6" passed="6" failed="0" skipped="0">
  <reporter-output>
  </reporter-output>
  <suite started-at="2025-03-20T12:43:57 IST" name="Default suite" finished-at="2025-03-20T12:44:37 IST" duration-ms="40240">
    <groups>
      <group name="cucumber">
        <method signature="AbstractTestNGCucumberTests.runScenario(io.cucumber.testng.PickleWrapper,io.cucumber.testng.FeatureWrapper)[pri:0, instance:runner.TestRunner@6989da5e]" name="runScenario" class="io.cucumber.testng.AbstractTestNGCucumberTests"/>
      </group> <!-- cucumber -->
    </groups>
    <test started-at="2025-03-20T12:43:57 IST" name="Default test" finished-at="2025-03-20T12:44:37 IST" duration-ms="40240">
      <class name="runner.TestRunner">
        <test-method is-config="true" signature="setUpClass(org.testng.ITestContext)[pri:0, instance:runner.TestRunner@6989da5e]" started-at="2025-03-20T12:43:57 IST" name="setUpClass" finished-at="2025-03-20T12:43:57 IST" duration-ms="654" status="PASS">
          <params>
            <param index="0">
              <value>
                <![CDATA[org.testng.TestRunner@4001d8c1]]>
              </value>
            </param>
          </params>
          <reporter-output>
          </reporter-output>
        </test-method> <!-- setUpClass -->
        <test-method signature="runScenario(io.cucumber.testng.PickleWrapper,io.cucumber.testng.FeatureWrapper)[pri:0, instance:runner.TestRunner@6989da5e]" started-at="2025-03-20T12:43:57 IST" name="runScenario" description="Runs Cucumber Scenarios" data-provider="scenarios" finished-at="2025-03-20T12:44:07 IST" duration-ms="9516" status="PASS">
          <params>
            <param index="0">
              <value>
                <![CDATA["Verify dashboard displayed based on user role"]]>
              </value>
            </param>
            <param index="1">
              <value>
                <![CDATA["dataflow between doctor and patient module"]]>
              </value>
            </param>
          </params>
          <reporter-output>
          </reporter-output>
        </test-method> <!-- runScenario -->
        <test-method signature="runScenario(io.cucumber.testng.PickleWrapper,io.cucumber.testng.FeatureWrapper)[pri:0, instance:runner.TestRunner@6989da5e]" started-at="2025-03-20T12:44:07 IST" name="runScenario" description="Runs Cucumber Scenarios" data-provider="scenarios" finished-at="2025-03-20T12:44:12 IST" duration-ms="4758" status="PASS">
          <params>
            <param index="0">
              <value>
                <![CDATA["Verify dashboard displayed based on user role"]]>
              </value>
            </param>
            <param index="1">
              <value>
                <![CDATA["dataflow between doctor and patient module"]]>
              </value>
            </param>
          </params>
          <reporter-output>
          </reporter-output>
        </test-method> <!-- runScenario -->
        <test-method signature="runScenario(io.cucumber.testng.PickleWrapper,io.cucumber.testng.FeatureWrapper)[pri:0, instance:runner.TestRunner@6989da5e]" started-at="2025-03-20T12:44:12 IST" name="runScenario" description="Runs Cucumber Scenarios" data-provider="scenarios" finished-at="2025-03-20T12:44:16 IST" duration-ms="4778" status="PASS">
          <params>
            <param index="0">
              <value>
                <![CDATA["Verify dashboard displayed based on user role"]]>
              </value>
            </param>
            <param index="1">
              <value>
                <![CDATA["dataflow between doctor and patient module"]]>
              </value>
            </param>
          </params>
          <reporter-output>
          </reporter-output>
        </test-method> <!-- runScenario -->
        <test-method signature="runScenario(io.cucumber.testng.PickleWrapper,io.cucumber.testng.FeatureWrapper)[pri:0, instance:runner.TestRunner@6989da5e]" started-at="2025-03-20T12:44:16 IST" name="runScenario" description="Runs Cucumber Scenarios" data-provider="scenarios" finished-at="2025-03-20T12:44:21 IST" duration-ms="4435" status="PASS">
          <params>
            <param index="0">
              <value>
                <![CDATA["Verify dashboard displayed based on user role"]]>
              </value>
            </param>
            <param index="1">
              <value>
                <![CDATA["dataflow between doctor and patient module"]]>
              </value>
            </param>
          </params>
          <reporter-output>
          </reporter-output>
        </test-method> <!-- runScenario -->
        <test-method signature="runScenario(io.cucumber.testng.PickleWrapper,io.cucumber.testng.FeatureWrapper)[pri:0, instance:runner.TestRunner@6989da5e]" started-at="2025-03-20T12:44:21 IST" name="runScenario" description="Runs Cucumber Scenarios" data-provider="scenarios" finished-at="2025-03-20T12:44:29 IST" duration-ms="8422" status="PASS">
          <params>
            <param index="0">
              <value>
                <![CDATA["Verify dashboard displayed based on user role"]]>
              </value>
            </param>
            <param index="1">
              <value>
                <![CDATA["dataflow between doctor and patient module"]]>
              </value>
            </param>
          </params>
          <reporter-output>
          </reporter-output>
        </test-method> <!-- runScenario -->
        <test-method signature="runScenario(io.cucumber.testng.PickleWrapper,io.cucumber.testng.FeatureWrapper)[pri:0, instance:runner.TestRunner@6989da5e]" started-at="2025-03-20T12:44:29 IST" name="runScenario" description="Runs Cucumber Scenarios" data-provider="scenarios" finished-at="2025-03-20T12:44:34 IST" duration-ms="4982" status="PASS">
          <params>
            <param index="0">
              <value>
                <![CDATA["Verify dashboard displayed based on user role"]]>
              </value>
            </param>
            <param index="1">
              <value>
                <![CDATA["dataflow between doctor and patient module"]]>
              </value>
            </param>
          </params>
          <reporter-output>
          </reporter-output>
        </test-method> <!-- runScenario -->
        <test-method is-config="true" signature="tearDownClass()[pri:0, instance:runner.TestRunner@6989da5e]" started-at="2025-03-20T12:44:34 IST" name="tearDownClass" finished-at="2025-03-20T12:44:37 IST" duration-ms="2626" status="PASS">
          <reporter-output>
          </reporter-output>
        </test-method> <!-- tearDownClass -->
      </class> <!-- runner.TestRunner -->
    </test> <!-- Default test -->
  </suite> <!-- Default suite -->
</testng-results>
